
Circuit 1 cell sky130_fd_pr__pfet_01v8 and Circuit 2 cell sky130_fd_pr__pfet_01v8 are black boxes.
Equate elements:  no current cell.
Device classes sky130_fd_pr__pfet_01v8 and sky130_fd_pr__pfet_01v8 are equivalent.

Circuit 1 cell sky130_fd_pr__nfet_01v8 and Circuit 2 cell sky130_fd_pr__nfet_01v8 are black boxes.
Equate elements:  no current cell.
Device classes sky130_fd_pr__nfet_01v8 and sky130_fd_pr__nfet_01v8 are equivalent.

Subcircuit summary:
Circuit 1: inverter                        |Circuit 2: inverter                        
-------------------------------------------|-------------------------------------------
sky130_fd_pr__pfet_01v8 (1)                |sky130_fd_pr__pfet_01v8 (1)                
sky130_fd_pr__nfet_01v8 (1)                |sky130_fd_pr__nfet_01v8 (1)                
Number of devices: 2                       |Number of devices: 2                       
Number of nets: 4                          |Number of nets: 4                          
---------------------------------------------------------------------------------------
Netlists match uniquely.

Subcircuit pins:
Circuit 1: inverter                        |Circuit 2: inverter                        
-------------------------------------------|-------------------------------------------
Y                                          |Y                                          
A                                          |A                                          
VN                                         |VN                                         
VP                                         |VP                                         
---------------------------------------------------------------------------------------
Cell pin lists are equivalent.
Device classes inverter and inverter are equivalent.

Subcircuit summary:
Circuit 1: nand2                           |Circuit 2: nand2                           
-------------------------------------------|-------------------------------------------
sky130_fd_pr__pfet_01v8 (2)                |sky130_fd_pr__pfet_01v8 (2)                
sky130_fd_pr__nfet_01v8 (2)                |sky130_fd_pr__nfet_01v8 (2)                
Number of devices: 4                       |Number of devices: 4                       
Number of nets: 6                          |Number of nets: 6                          
---------------------------------------------------------------------------------------
Netlists match uniquely.

Subcircuit pins:
Circuit 1: nand2                           |Circuit 2: nand2                           
-------------------------------------------|-------------------------------------------
VP                                         |VP                                         
A                                          |A                                          
B                                          |B                                          
Y                                          |Y                                          
VN                                         |VN                                         
---------------------------------------------------------------------------------------
Cell pin lists are equivalent.
Device classes nand2 and nand2 are equivalent.

Subcircuit summary:
Circuit 1: and2.spice                      |Circuit 2: and2_xschem.spice               
-------------------------------------------|-------------------------------------------
inverter (1)                               |inverter (1)                               
nand2 (1)                                  |nand2 (1)                                  
Number of devices: 2                       |Number of devices: 2                       
Number of nets: 6                          |Number of nets: 6                          
---------------------------------------------------------------------------------------
Netlists match uniquely.
Cells have no pins;  pin matching not needed.
Device classes and2.spice and and2_xschem.spice are equivalent.

Final result: Circuits match uniquely.
.
